# JRE version: OpenJDK Runtime Environment (17.0.6) (build 17.0.6+0-b2043.56-10027231)
# Java VM: OpenJDK 64-Bit Server VM (17.0.6+0-b2043.56-10027231, mixed mode, tiered, compressed oops, compressed class ptrs, g1 gc, windows-amd64)
GC Precious Log:
 CPUs: 8 total, 8 available
 Memory: 7850M
 Large Page Support: Disabled
 NUMA Support: Disabled
 Compressed Oops: Enabled (32-bit)
 Heap Region Size: 1M
 Heap Min Capacity: 8M
 Heap Initial Capacity: 124M
 Heap Max Capacity: 2G
 Pre-touch: Disabled
 Parallel Workers: 8
 Concurrent Workers: 2
 Concurrent Refinement Workers: 8
 Periodic GC: Disabled
Heap:
 garbage-first heap   total 421888K, used 250458K [0x0000000080000000, 0x0000000100000000)
  region size 1024K, 6 young (6144K), 6 survivors (6144K)
 Metaspace       used 150904K, committed 152384K, reserved 1187840K
  class space    used 20218K, committed 20928K, reserved 1048576K
GC Heap History (20 events):
Event: 325.926 GC heap after
{Heap after GC invocations=87 (full 0):
 garbage-first heap   total 362496K, used 219000K [0x0000000080000000, 0x0000000100000000)
  region size 1024K, 2 young (2048K), 2 survivors (2048K)
 Metaspace       used 116606K, committed 117568K, reserved 1155072K
  class space    used 15280K, committed 15744K, reserved 1048576K
}
Event: 328.093 GC heap before
{Heap before GC invocations=87 (full 0):
 garbage-first heap   total 362496K, used 300920K [0x0000000080000000, 0x0000000100000000)
  region size 1024K, 83 young (84992K), 2 survivors (2048K)
 Metaspace       used 120540K, committed 121536K, reserved 1155072K
  class space    used 15774K, committed 16256K, reserved 1048576K
}
Event: 328.128 GC heap after
{Heap after GC invocations=88 (full 0):
 garbage-first heap   total 362496K, used 225029K [0x0000000080000000, 0x0000000100000000)
  region size 1024K, 8 young (8192K), 8 survivors (8192K)
 Metaspace       used 120540K, committed 121536K, reserved 1155072K
  class space    used 15774K, committed 16256K, reserved 1048576K
}
Event: 515.452 GC heap before
{Heap before GC invocations=89 (full 0):
 garbage-first heap   total 386048K, used 299781K [0x0000000080000000, 0x0000000100000000)
  region size 1024K, 82 young (83968K), 8 survivors (8192K)
 Metaspace       used 122689K, committed 123648K, reserved 1163264K
  class space    used 16057K, committed 16512K, reserved 1048576K
}
Event: 515.731 GC heap after
{Heap after GC invocations=90 (full 0):
 garbage-first heap   total 386048K, used 231720K [0x0000000080000000, 0x0000000100000000)
  region size 1024K, 7 young (7168K), 7 survivors (7168K)
 Metaspace       used 122689K, committed 123648K, reserved 1163264K
  class space    used 16057K, committed 16512K, reserved 1048576K
}
Event: 516.387 GC heap before
{Heap before GC invocations=90 (full 0):
 garbage-first heap   total 386048K, used 241960K [0x0000000080000000, 0x0000000100000000)
  region size 1024K, 18 young (18432K), 7 survivors (7168K)
 Metaspace       used 122700K, committed 123648K, reserved 1163264K
  class space    used 16057K, committed 16512K, reserved 1048576K
}
Event: 516.502 GC heap after
{Heap after GC invocations=91 (full 0):
 garbage-first heap   total 386048K, used 230274K [0x0000000080000000, 0x0000000100000000)
  region size 1024K, 2 young (2048K), 2 survivors (2048K)
 Metaspace       used 122700K, committed 123648K, reserved 1163264K
  class space    used 16057K, committed 16512K, reserved 1048576K
}
Event: 531.834 GC heap before
{Heap before GC invocations=91 (full 0):
 garbage-first heap   total 386048K, used 321410K [0x0000000080000000, 0x0000000100000000)
  region size 1024K, 92 young (94208K), 2 survivors (2048K)
 Metaspace       used 126438K, committed 127488K, reserved 1163264K
  class space    used 16518K, committed 17024K, reserved 1048576K
}
Event: 531.875 GC heap after
{Heap after GC invocations=92 (full 0):
 garbage-first heap   total 386048K, used 240852K [0x0000000080000000, 0x0000000100000000)
  region size 1024K, 12 young (12288K), 12 survivors (12288K)
 Metaspace       used 126438K, committed 127488K, reserved 1163264K
  class space    used 16518K, committed 17024K, reserved 1048576K
}
Event: 563.241 GC heap before
{Heap before GC invocations=93 (full 0):
 garbage-first heap   total 406528K, used 318676K [0x0000000080000000, 0x0000000100000000)
  region size 1024K, 90 young (92160K), 12 survivors (12288K)
 Metaspace       used 131346K, committed 132480K, reserved 1171456K
  class space    used 17217K, committed 17792K, reserved 1048576K
}
Event: 563.346 GC heap after
{Heap after GC invocations=94 (full 0):
 garbage-first heap   total 406528K, used 244950K [0x0000000080000000, 0x0000000100000000)
  region size 1024K, 6 young (6144K), 6 survivors (6144K)
 Metaspace       used 131346K, committed 132480K, reserved 1171456K
  class space    used 17217K, committed 17792K, reserved 1048576K
}
Event: 564.065 GC heap before
{Heap before GC invocations=94 (full 0):
 garbage-first heap   total 406528K, used 257238K [0x0000000080000000, 0x0000000100000000)
  region size 1024K, 19 young (19456K), 6 survivors (6144K)
 Metaspace       used 134063K, committed 135232K, reserved 1171456K
  class space    used 17608K, committed 18176K, reserved 1048576K
}
Event: 564.124 GC heap after
{Heap after GC invocations=95 (full 0):
 garbage-first heap   total 406528K, used 241509K [0x0000000080000000, 0x0000000100000000)
  region size 1024K, 2 young (2048K), 2 survivors (2048K)
 Metaspace       used 134063K, committed 135232K, reserved 1171456K
  class space    used 17608K, committed 18176K, reserved 1048576K
}
Event: 569.979 GC heap before
{Heap before GC invocations=95 (full 0):
 garbage-first heap   total 406528K, used 337765K [0x0000000080000000, 0x0000000100000000)
  region size 1024K, 97 young (99328K), 2 survivors (2048K)
 Metaspace       used 147024K, committed 148288K, reserved 1179648K
  class space    used 19627K, committed 20224K, reserved 1048576K
}
Event: 570.000 GC heap after
{Heap after GC invocations=96 (full 0):
 garbage-first heap   total 406528K, used 242045K [0x0000000080000000, 0x0000000100000000)
  region size 1024K, 3 young (3072K), 3 survivors (3072K)
 Metaspace       used 147024K, committed 148288K, reserved 1179648K
  class space    used 19627K, committed 20224K, reserved 1048576K
}
Event: 653.848 GC heap before
{Heap before GC invocations=97 (full 0):
 garbage-first heap   total 421888K, used 360829K [0x0000000080000000, 0x0000000100000000)
  region size 1024K, 99 young (101376K), 3 survivors (3072K)
 Metaspace       used 150251K, committed 151552K, reserved 1187840K
  class space    used 20121K, committed 20736K, reserved 1048576K
}
Event: 653.991 GC heap after
{Heap after GC invocations=98 (full 0):
 garbage-first heap   total 421888K, used 249871K [0x0000000080000000, 0x0000000100000000)
  region size 1024K, 11 young (11264K), 11 survivors (11264K)
 Metaspace       used 150251K, committed 151552K, reserved 1187840K
  class space    used 20121K, committed 20736K, reserved 1048576K
}
Event: 654.183 GC heap before
{Heap before GC invocations=98 (full 0):
 garbage-first heap   total 421888K, used 258063K [0x0000000080000000, 0x0000000100000000)
  region size 1024K, 20 young (20480K), 11 survivors (11264K)
 Metaspace       used 150257K, committed 151552K, reserved 1187840K
  class space    used 20121K, committed 20736K, reserved 1048576K
}
Event: 654.356 GC heap after
{Heap after GC invocations=99 (full 0):
 garbage-first heap   total 421888K, used 247443K [0x0000000080000000, 0x0000000100000000)
  region size 1024K, 3 young (3072K), 3 survivors (3072K)
 Metaspace       used 150257K, committed 151552K, reserved 1187840K
  class space    used 20121K, committed 20736K, reserved 1048576K
}
Event: 666.596 GC heap before
{Heap before GC invocations=99 (full 0):
 garbage-first heap   total 421888K, used 297619K [0x0000000080000000, 0x0000000100000000)
  region size 1024K, 53 young (54272K), 3 survivors (3072K)
 Metaspace       used 150904K, committed 152384K, reserved 1187840K
  class space    used 20218K, committed 20928K, reserved 1048576K
}

